--- Copying files at Tue Apr 26 23:42:13 UTC 2016
/usr/share/jenkins/ref/init.groovy.d/tcp-slave-agent-port.groovy
 /usr/share/jenkins/ref/init.groovy.d/tcp-slave-agent-port.groovy -> init.groovy.d/tcp-slave-agent-port.groovy
copy init.groovy.d/tcp-slave-agent-port.groovy to JENKINS_HOME
--- Copying files at Wed Apr 27 00:13:39 UTC 2016
/usr/share/jenkins/ref/init.groovy.d/tcp-slave-agent-port.groovy
 /usr/share/jenkins/ref/init.groovy.d/tcp-slave-agent-port.groovy -> init.groovy.d/tcp-slave-agent-port.groovy
--- Copying files at Wed Apr 27 00:46:58 UTC 2016
/usr/share/jenkins/ref/init.groovy.d/tcp-slave-agent-port.groovy
 /usr/share/jenkins/ref/init.groovy.d/tcp-slave-agent-port.groovy -> init.groovy.d/tcp-slave-agent-port.groovy
--- Copying files at Wed Apr 27 01:00:06 UTC 2016
/usr/share/jenkins/ref/init.groovy.d/tcp-slave-agent-port.groovy
 /usr/share/jenkins/ref/init.groovy.d/tcp-slave-agent-port.groovy -> init.groovy.d/tcp-slave-agent-port.groovy
--- Copying files at Wed Apr 27 01:31:03 UTC 2016
/usr/share/jenkins/ref/init.groovy.d/tcp-slave-agent-port.groovy
 /usr/share/jenkins/ref/init.groovy.d/tcp-slave-agent-port.groovy -> init.groovy.d/tcp-slave-agent-port.groovy
--- Copying files at Wed Apr 27 01:46:34 UTC 2016
/usr/share/jenkins/ref/init.groovy.d/tcp-slave-agent-port.groovy
 /usr/share/jenkins/ref/init.groovy.d/tcp-slave-agent-port.groovy -> init.groovy.d/tcp-slave-agent-port.groovy
--- Copying files at Wed Apr 27 01:52:18 UTC 2016
/usr/share/jenkins/ref/init.groovy.d/tcp-slave-agent-port.groovy
 /usr/share/jenkins/ref/init.groovy.d/tcp-slave-agent-port.groovy -> init.groovy.d/tcp-slave-agent-port.groovy
